  Game.cpp
C:\Program Files (x86)\Windows Kits\10\Include\10.0.22621.0\shared\minwindef.h(130,1): warning C4005: 'APIENTRY': macro redefinition
  (compiling source file 'Game.cpp')
  C:\Users\Omran\Documents\Visual Studio 2022\Projects\C++\OpenGL\PuzzleGame\Ex Libs\GLFW\include\GLFW\glfw3.h(123,1):
  see previous definition of 'APIENTRY'
  
C:\Users\Omran\Documents\Visual Studio 2022\Projects\C++\OpenGL\PuzzleGame\Game.cpp(81,19): warning C4244: '=': conversion from 'double' to 'GLfloat', possible loss of data
C:\Program Files\Microsoft Visual Studio\2022\Community\VC\Tools\MSVC\14.38.33130\include\utility(278,16): warning C4244: 'initializing': conversion from '_Ty' to '_Ty1', possible loss of data
C:\Program Files\Microsoft Visual Studio\2022\Community\VC\Tools\MSVC\14.38.33130\include\utility(278,16): warning C4244:         with
C:\Program Files\Microsoft Visual Studio\2022\Community\VC\Tools\MSVC\14.38.33130\include\utility(278,16): warning C4244:         [
C:\Program Files\Microsoft Visual Studio\2022\Community\VC\Tools\MSVC\14.38.33130\include\utility(278,16): warning C4244:             _Ty=int
C:\Program Files\Microsoft Visual Studio\2022\Community\VC\Tools\MSVC\14.38.33130\include\utility(278,16): warning C4244:         ]
C:\Program Files\Microsoft Visual Studio\2022\Community\VC\Tools\MSVC\14.38.33130\include\utility(278,16): warning C4244:         and
C:\Program Files\Microsoft Visual Studio\2022\Community\VC\Tools\MSVC\14.38.33130\include\utility(278,16): warning C4244:         [
C:\Program Files\Microsoft Visual Studio\2022\Community\VC\Tools\MSVC\14.38.33130\include\utility(278,16): warning C4244:             _Ty1=float
C:\Program Files\Microsoft Visual Studio\2022\Community\VC\Tools\MSVC\14.38.33130\include\utility(278,16): warning C4244:         ]
  (compiling source file 'Game.cpp')
  C:\Program Files\Microsoft Visual Studio\2022\Community\VC\Tools\MSVC\14.38.33130\include\utility(278,16):
  the template instantiation context (the oldest one first) is
  	C:\Users\Omran\Documents\Visual Studio 2022\Projects\C++\OpenGL\PuzzleGame\Game.h(133,38):
  	see reference to function template instantiation 'std::pair<float,float>::pair<int,float,0>(std::pair<int,float> &&) noexcept' being compiled
  		C:\Users\Omran\Documents\Visual Studio 2022\Projects\C++\OpenGL\PuzzleGame\Game.h(132,43):
  		see the first reference to 'std::pair<float,float>::pair' in 'Game::Game'
  
LINK : warning LNK4098: defaultlib 'MSVCRT' conflicts with use of other libs; use /NODEFAULTLIB:library
  PuzzleGame.vcxproj -> C:\Users\Omran\Documents\Visual Studio 2022\Projects\C++\OpenGL\PuzzleGame\x64\Debug\PuzzleGame.exe
